<ageoffConfiguration>
    <parent>test-root-rules.xml</parent>
    <rules>
    	<!-- by specifying merge mode the match patterns of any rules with the 
    		same labels will be concatenated -->
        <rule label="test" mode="merge">
            <filterClass>datawave.ingest.util.cache.watch.TestTrieFilter</filterClass>
            <ismerge>true</ismerge>
            <matchPattern> <!-- override parent definitions -->
                "coffee ground" : 30d
                "coffee whole bean" : 150d
                "coffee instant" : 1080d
            </matchPattern>
        </rule>
        <!-- additional rule not in parent and not merged -->
        <rule>
            <filterClass>datawave.ingest.util.cache.watch.TestFilter</filterClass>
            <matchPattern>baz</matchPattern>
        </rule>
    </rules>
</ageoffConfiguration>
