<ageoffConfiguration>
    <rules>
        <rule>
            <filterClass>datawave.ingest.util.cache.watch.TestFilter</filterClass>
            <ttl units="ms">10</ttl>
            <matchPattern>1</matchPattern>
            <myTagName ttl="1234"/>
            <filtersWater>false</filtersWater>
        </rule>
        <rule>
            <filterClass>datawave.ingest.util.cache.watch.TestFilter</filterClass>
            <matchPattern>A</matchPattern>
        </rule>
        <rule>
            <filterClass>datawave.ingest.util.cache.watch.TestFilter</filterClass>
            <ttl units="d">50</ttl>
            <matchPattern>B</matchPattern>
            <filtersWater>true</filtersWater>
        </rule>
        <rule>
            <filterClass>datawave.ingest.util.cache.watch.TestFilter</filterClass>
            <matchPattern>C</matchPattern>
        </rule>
        <rule>
            <filterClass>datawave.ingest.util.cache.watch.TestFilter</filterClass>
            <ttl units="ms">10</ttl>
            <matchPattern>D</matchPattern>
            <fields>first,last</fields>
            <last ttl="2468"/>
            <field name="middle" ttl="1234" ttlUnits="m"/>
            <field name="suffix" ttl="10" ttlUnits="d"/>
            <datatype name="012345" ttl="77" ttlUnits="ms"/>
            <filtersWater>false</filtersWater>
        </rule>
    </rules>
</ageoffConfiguration>
