<ageoffConfiguration>
    <rules>
        <!-- only rules with same label and filter class can be merged -->
        <rule label="test">
            <filterClass>datawave.ingest.util.cache.watch.TestTrieFilter</filterClass>
            <ttl units="d">1024</ttl>
            <matchPattern>
                "baking powder" : 365d
                "dried beans" : 548d
                "baking soda" : 720d
                "coffee ground" : 90d
                "coffee whole bean" : 183d
                "coffee instant" : 730d
            </matchPattern>
        </rule>
        <!-- These don't have a label so should not be merged -->
        <rule>
            <filterClass>datawave.ingest.util.cache.watch.TestFieldFilter</filterClass>
            <ttl units="ms">10</ttl>
            <matchPattern>foo</matchPattern>
        </rule>
        <rule>
            <filterClass>datawave.ingest.util.cache.watch.TestFilter</filterClass>
            <matchPattern>bar</matchPattern>
        </rule>
    </rules>
</ageoffConfiguration>
